  Block.cpp
C:\Users\piotr\Documents\personal\vs-projects\Tetris\Tetris\Block.cpp(28,21): warning C4267: 'return': conversion from 'size_t' to 'unsigned int', possible loss of data
C:\Program Files\Microsoft Visual Studio\2022\Community\VC\Tools\MSVC\14.37.32822\include\xmemory(2214,25): error C2280: 'Tile &Tile::operator =(const Tile &)': attempting to reference a deleted function
C:\Users\piotr\Documents\personal\vs-projects\Tetris\Tetris\Tile.h(33,1): message : compiler has generated 'Tile::operator =' here
C:\Users\piotr\Documents\personal\vs-projects\Tetris\Tetris\Tile.h(33,1): message : 'Tile &Tile::operator =(const Tile &)': function was implicitly deleted because a data member 'Tile::rotationTable' has either no appropriate copy assignment operator or overload resolution was ambiguous
C:\Users\piotr\Documents\personal\vs-projects\Tetris\Tetris\Tile.h(31,34): message : see declaration of 'Tile::rotationTable'
C:\Users\piotr\Documents\personal\vs-projects\Tetris\Tetris\Block.cpp(27,22): message : see reference to function template instantiation '_FwdIt std::remove_if<std::_Vector_iterator<std::_Vector_val<std::_Simple_types<_Ty>>>,Block::deleteElement::<lambda_1>>(_FwdIt,const _FwdIt,_Pr)' being compiled
          with
          [
              _FwdIt=std::_Vector_iterator<std::_Vector_val<std::_Simple_types<Tile>>>,
              _Ty=Tile,
              _Pr=Block::deleteElement::<lambda_1>
          ]
C:\Program Files\Microsoft Visual Studio\2022\Community\VC\Tools\MSVC\14.37.32822\include\xutility(4899,16): error C2280: 'Tile &Tile::operator =(const Tile &)': attempting to reference a deleted function
C:\Users\piotr\Documents\personal\vs-projects\Tetris\Tetris\Tile.h(33,1): message : compiler has generated 'Tile::operator =' here
C:\Users\piotr\Documents\personal\vs-projects\Tetris\Tetris\Tile.h(33,1): message : 'Tile &Tile::operator =(const Tile &)': function was implicitly deleted because a data member 'Tile::rotationTable' has either no appropriate copy assignment operator or overload resolution was ambiguous
C:\Users\piotr\Documents\personal\vs-projects\Tetris\Tetris\Tile.h(31,34): message : see declaration of 'Tile::rotationTable'
C:\Program Files\Microsoft Visual Studio\2022\Community\VC\Tools\MSVC\14.37.32822\include\vector(1752,43): message : see reference to function template instantiation '_OutIt *std::_Move_unchecked<Tile*,Tile*>(_InIt,_InIt,_OutIt)' being compiled
          with
          [
              _OutIt=Tile *,
              _InIt=Tile *
          ]
C:\Program Files\Microsoft Visual Studio\2022\Community\VC\Tools\MSVC\14.37.32822\include\vector(1736,27): message : while compiling class template member function 'std::_Vector_iterator<std::_Vector_val<std::_Simple_types<_Ty>>> std::vector<_Ty,std::allocator<_Ty>>::erase(std::_Vector_const_iterator<std::_Vector_val<std::_Simple_types<_Ty>>>,std::_Vector_const_iterator<std::_Vector_val<std::_Simple_types<_Ty>>>) noexcept(false)'
          with
          [
              _Ty=Tile
          ]
C:\Users\piotr\Documents\personal\vs-projects\Tetris\Tetris\Block.cpp(27,16): message : see the first reference to 'std::vector<Tile,std::allocator<Tile>>::erase' in 'Block::deleteElement'
C:\Users\piotr\Documents\personal\vs-projects\Tetris\Tetris\Block.h(19,20): message : see reference to class template instantiation 'std::vector<Tile,std::allocator<Tile>>' being compiled
  BlockMover.cpp
  CollisionHandler.cpp
  CollisionTable.cpp
  IShapeGenerator.cpp
  main.cpp
C:\Users\piotr\Documents\personal\vs-projects\Tetris\Tetris\main.cpp(35,29): warning C4244: '=': conversion from 'float' to 'unsigned int', possible loss of data
C:\Users\piotr\Documents\personal\vs-projects\Tetris\Tetris\main.cpp(36,30): warning C4244: '=': conversion from 'float' to 'unsigned int', possible loss of data
  PositionToPixelConverter.cpp
  RandomShapeGenerator.cpp
C:\Users\piotr\Documents\personal\vs-projects\Tetris\Tetris\RandomShapeGenerator.cpp(8,12): warning C4244: 'argument': conversion from 'time_t' to 'unsigned int', possible loss of data
  Renderer.cpp
  Tile.cpp
  TileDestroyer.cpp
C:\Users\piotr\Documents\personal\vs-projects\Tetris\Tetris\TileDestroyer.cpp(25,16): warning C4267: '=': conversion from 'size_t' to 'T', possible loss of data
          with
          [
              T=int
          ]
C:\Users\piotr\Documents\personal\vs-projects\Tetris\Tetris\TileDestroyer.cpp(28,17): warning C4267: '=': conversion from 'size_t' to 'T', possible loss of data
          with
          [
              T=int
          ]
C:\Users\piotr\Documents\personal\vs-projects\Tetris\Tetris\TileDestroyer.cpp(37,19): warning C4267: '=': conversion from 'size_t' to 'int', possible loss of data
  TShapeGenerator.cpp
  UserInputHandler.cpp
  WorldProperties.cpp
  Generating Code...
C:\Users\piotr\Documents\personal\vs-projects\Tetris\Tetris\main.cpp(29): warning C4715: 'handleUserFixedStep': not all control paths return a value
C:\Users\piotr\Documents\personal\vs-projects\Tetris\Tetris\BlockMover.cpp(56): warning C4715: 'BlockMover::applyUserAction': not all control paths return a value
