  Block.cpp
C:\Users\piotr\Documents\personal\vs-projects\Tetris\Tetris\Block.cpp(28,21): warning C4267: 'return': conversion from 'size_t' to 'unsigned int', possible loss of data
  BlockMover.cpp
  CollisionHandler.cpp
  CollisionTable.cpp
  GameLoop.cpp
  IShapeGenerator.cpp
  LShapeGenerator.cpp
  main.cpp
  PositionToPixelConverter.cpp
  RandomShapeGenerator.cpp
C:\Users\piotr\Documents\personal\vs-projects\Tetris\Tetris\RandomShapeGenerator.cpp(11,12): warning C4244: 'argument': conversion from 'time_t' to 'unsigned int', possible loss of data
  Renderer.cpp
  SquareShapeGenerator.cpp
  Tile.cpp
  TileDestroyer.cpp
  TShapeGenerator.cpp
  UserInputHandler.cpp
  WorldProperties.cpp
  ZShapeGenerator.cpp
  Generating code
  Previous IPDB not found, fall back to full compilation.
  All 735 functions were compiled because no usable IPDB/IOBJ from previous compilation was found.
  Finished generating code
  Tetris.vcxproj -> C:\Users\piotr\Documents\personal\vs-projects\Tetris\x64\Release\Tetris.exe
