c:\users\piotr\documents\personal\vs-projects\tetris\tetris\x64\release\vc143.pdb
c:\users\piotr\documents\personal\vs-projects\tetris\tetris\x64\release\zshapegenerator.obj
c:\users\piotr\documents\personal\vs-projects\tetris\tetris\x64\release\worldproperties.obj
c:\users\piotr\documents\personal\vs-projects\tetris\tetris\x64\release\userinputhandler.obj
c:\users\piotr\documents\personal\vs-projects\tetris\tetris\x64\release\tshapegenerator.obj
c:\users\piotr\documents\personal\vs-projects\tetris\tetris\x64\release\tiledestroyer.obj
c:\users\piotr\documents\personal\vs-projects\tetris\tetris\x64\release\tile.obj
c:\users\piotr\documents\personal\vs-projects\tetris\tetris\x64\release\squareshapegenerator.obj
c:\users\piotr\documents\personal\vs-projects\tetris\tetris\x64\release\renderer.obj
c:\users\piotr\documents\personal\vs-projects\tetris\tetris\x64\release\randomshapegenerator.obj
c:\users\piotr\documents\personal\vs-projects\tetris\tetris\x64\release\positiontopixelconverter.obj
c:\users\piotr\documents\personal\vs-projects\tetris\tetris\x64\release\main.obj
c:\users\piotr\documents\personal\vs-projects\tetris\tetris\x64\release\lshapegenerator.obj
c:\users\piotr\documents\personal\vs-projects\tetris\tetris\x64\release\ishapegenerator.obj
c:\users\piotr\documents\personal\vs-projects\tetris\tetris\x64\release\collisiontable.obj
c:\users\piotr\documents\personal\vs-projects\tetris\tetris\x64\release\collisionhandler.obj
c:\users\piotr\documents\personal\vs-projects\tetris\tetris\x64\release\blockmover.obj
c:\users\piotr\documents\personal\vs-projects\tetris\tetris\x64\release\block.obj
c:\users\piotr\documents\personal\vs-projects\tetris\tetris\x64\release\gameloop.obj
c:\users\piotr\documents\personal\vs-projects\tetris\x64\release\tetris.exe
c:\users\piotr\documents\personal\vs-projects\tetris\tetris\x64\release\tetris.ipdb
c:\users\piotr\documents\personal\vs-projects\tetris\x64\release\tetris.pdb
c:\users\piotr\documents\personal\vs-projects\tetris\tetris\x64\release\tetris.iobj
c:\users\piotr\documents\personal\vs-projects\tetris\tetris\x64\release\tetris.tlog\cl.command.1.tlog
c:\users\piotr\documents\personal\vs-projects\tetris\tetris\x64\release\tetris.tlog\cl.items.tlog
c:\users\piotr\documents\personal\vs-projects\tetris\tetris\x64\release\tetris.tlog\cl.read.1.tlog
c:\users\piotr\documents\personal\vs-projects\tetris\tetris\x64\release\tetris.tlog\cl.write.1.tlog
c:\users\piotr\documents\personal\vs-projects\tetris\tetris\x64\release\tetris.tlog\link.command.1.tlog
c:\users\piotr\documents\personal\vs-projects\tetris\tetris\x64\release\tetris.tlog\link.read.1.tlog
c:\users\piotr\documents\personal\vs-projects\tetris\tetris\x64\release\tetris.tlog\link.write.1.tlog
